\BOOKMARK [1][-]{section.1}{Introduction}{}% 1
\BOOKMARK [1][-]{section.2}{Background}{}% 2
\BOOKMARK [1][-]{section.3}{Why\040Game\040Theory?}{}% 3
\BOOKMARK [1][-]{section.4}{Set-up\040of\040the\040Base\040Game}{}% 4
\BOOKMARK [2][-]{subsection.4.1}{To\040Pay\040or\040not\040to\040Pay?}{section.4}% 5
\BOOKMARK [2][-]{subsection.4.2}{Player\040Interactions}{section.4}% 6
\BOOKMARK [2][-]{subsection.4.3}{Social\040Norms}{section.4}% 7
\BOOKMARK [2][-]{subsection.4.4}{Spatial\040Dynamics}{section.4}% 8
\BOOKMARK [2][-]{subsection.4.5}{Different\040Categories\040of\040Customers}{section.4}% 9
\BOOKMARK [1][-]{section.5}{Parameter\040estimation}{}% 10
\BOOKMARK [2][-]{subsection.5.1}{Countries}{section.5}% 11
\BOOKMARK [2][-]{subsection.5.2}{The\040cost\040of\040stealing}{section.5}% 12
\BOOKMARK [3][-]{subsubsection.5.2.1}{Frequency\040of\040detection}{subsection.5.2}% 13
\BOOKMARK [2][-]{subsection.5.3}{The\040cost\040of\040energy}{section.5}% 14
\BOOKMARK [2][-]{subsection.5.4}{Effect\040of\040nontechnical\040losses\040on\040price\040of\040energy}{section.5}% 15
\BOOKMARK [2][-]{subsection.5.5}{Effect\040of\040additional\040stealer\040on\040rate\040of\040detection}{section.5}% 16
\BOOKMARK [2][-]{subsection.5.6}{Stealing\040Norm}{section.5}% 17
\BOOKMARK [2][-]{subsection.5.7}{Trust\040Norm}{section.5}% 18
\BOOKMARK [2][-]{subsection.5.8}{Spatial\040Influence}{section.5}% 19
\BOOKMARK [1][-]{section.6}{Analyzing\040the\040Base\040Game}{}% 20
\BOOKMARK [2][-]{subsection.6.1}{Equilibria}{section.6}% 21
\BOOKMARK [2][-]{subsection.6.2}{Can\040we\040morph\040this\040game\040from\040a\040social\040dilemma\040to\040laissez\040faire?}{section.6}% 22
\BOOKMARK [2][-]{subsection.6.3}{The\040evolution\040of\040norms}{section.6}% 23
\BOOKMARK [1][-]{section.7}{Interventions}{}% 24
\BOOKMARK [2][-]{subsection.7.1}{Sharing\040the\040burden\040of\040stealing}{section.7}% 25
\BOOKMARK [2][-]{subsection.7.2}{Additional\040services}{section.7}% 26
\BOOKMARK [2][-]{subsection.7.3}{Advice\040for\040utilities}{section.7}% 27
\BOOKMARK [1][-]{section.8}{Conclusions}{}% 28
